# JRE version: Java(TM) SE Runtime Environment (26.0.1+8) (build 26.0.1+8-34)
# Java VM: Java HotSpot(TM) 64-Bit Server VM (26.0.1+8-34, mixed mode, sharing, tiered, compressed oops, compressed class ptrs, g1 gc, windows-amd64)
GC Precious Log:
 CardTable entry size: 512
 Card Set container configuration: InlinePtr #cards 4 size 8 Array Of Cards #cards 64 size 144 Howl #buckets 8 coarsen threshold 14745 Howl Bitmap #cards 2048 size 272 coarsen threshold 1843 Card regions per heap region 1 cards per card region 16384
 CPUs: 12 total, 12 available
 Memory: 15740M
 Large Page Support: Disabled
 NUMA Support: Disabled
 Compressed Oops: Enabled (Zero based)
 Heap Region Size: 8M
 Heap Min Capacity: 8M
 Heap Initial Capacity: 8M
 Heap Max Capacity: 12G
 Pre-touch: Disabled
 Parallel Workers: 10
 Concurrent Workers: 3
 Concurrent Refinement Workers: 10
 Periodic GC: Disabled
Heap:
 garbage-first heap   total reserved 12582912K, committed 1327104K, used 104856K [0x0000000500000000, 0x0000000800000000)
  region size 8M, 0 eden (0M), 6 survivor (48M), 9 old (72M), 0 humongous (0M), 147 free (1176M)
GC Heap Usage History (20 events):
Event: 56.281 {heap After GC invocations=55 (full 0):
 garbage-first heap   total reserved 12582912K, committed 1327104K, used 92016K [0x0000000500000000, 0x0000000800000000)
  region size 8M, 0 eden (0M), 5 survivor (40M), 8 old (64M), 0 humongous (0M), 149 free (1192M)
}
Event: 58.280 {heap Before GC invocations=55 (full 0):
 garbage-first heap   total reserved 12582912K, committed 1327104K, used 845680K [0x0000000500000000, 0x0000000800000000)
  region size 8M, 92 eden (736M), 5 survivor (40M), 8 old (64M), 0 humongous (0M), 57 free (456M)
}
Event: 58.301 {heap After GC invocations=56 (full 0):
 garbage-first heap   total reserved 12582912K, committed 1327104K, used 94877K [0x0000000500000000, 0x0000000800000000)
  region size 8M, 0 eden (0M), 6 survivor (48M), 8 old (64M), 0 humongous (0M), 148 free (1184M)
}
Event: 60.135 {heap Before GC invocations=56 (full 0):
 garbage-first heap   total reserved 12582912K, committed 1327104K, used 840349K [0x0000000500000000, 0x0000000800000000)
  region size 8M, 91 eden (728M), 6 survivor (48M), 8 old (64M), 0 humongous (0M), 57 free (456M)
}
Event: 60.157 {heap After GC invocations=57 (full 0):
 garbage-first heap   total reserved 12582912K, committed 1327104K, used 96331K [0x0000000500000000, 0x0000000800000000)
  region size 8M, 0 eden (0M), 6 survivor (48M), 8 old (64M), 0 humongous (0M), 148 free (1184M)
}
Event: 62.154 {heap Before GC invocations=57 (full 0):
 garbage-first heap   total reserved 12582912K, committed 1327104K, used 841803K [0x0000000500000000, 0x0000000800000000)
  region size 8M, 91 eden (728M), 6 survivor (48M), 8 old (64M), 0 humongous (0M), 57 free (456M)
}
Event: 62.176 {heap After GC invocations=58 (full 0):
 garbage-first heap   total reserved 12582912K, committed 1327104K, used 96825K [0x0000000500000000, 0x0000000800000000)
  region size 8M, 0 eden (0M), 6 survivor (48M), 8 old (64M), 0 humongous (0M), 148 free (1184M)
}
Event: 63.956 {heap Before GC invocations=58 (full 0):
 garbage-first heap   total reserved 12582912K, committed 1327104K, used 842297K [0x0000000500000000, 0x0000000800000000)
  region size 8M, 91 eden (728M), 6 survivor (48M), 8 old (64M), 0 humongous (0M), 57 free (456M)
}
Event: 63.981 {heap After GC invocations=59 (full 0):
 garbage-first heap   total reserved 12582912K, committed 1327104K, used 98021K [0x0000000500000000, 0x0000000800000000)
  region size 8M, 0 eden (0M), 6 survivor (48M), 8 old (64M), 0 humongous (0M), 148 free (1184M)
}
Event: 65.554 {heap Before GC invocations=59 (full 0):
 garbage-first heap   total reserved 12582912K, committed 1327104K, used 843493K [0x0000000500000000, 0x0000000800000000)
  region size 8M, 91 eden (728M), 6 survivor (48M), 8 old (64M), 0 humongous (0M), 57 free (456M)
}
Event: 65.878 {heap After GC invocations=60 (full 0):
 garbage-first heap   total reserved 12582912K, committed 1327104K, used 102976K [0x0000000500000000, 0x0000000800000000)
  region size 8M, 0 eden (0M), 6 survivor (48M), 8 old (64M), 0 humongous (0M), 148 free (1184M)
}
Event: 67.648 {heap Before GC invocations=60 (full 0):
 garbage-first heap   total reserved 12582912K, committed 1327104K, used 848448K [0x0000000500000000, 0x0000000800000000)
  region size 8M, 91 eden (728M), 6 survivor (48M), 8 old (64M), 0 humongous (0M), 57 free (456M)
}
Event: 67.670 {heap After GC invocations=61 (full 0):
 garbage-first heap   total reserved 12582912K, committed 1327104K, used 101063K [0x0000000500000000, 0x0000000800000000)
  region size 8M, 0 eden (0M), 6 survivor (48M), 9 old (72M), 0 humongous (0M), 147 free (1176M)
}
Event: 69.489 {heap Before GC invocations=61 (full 0):
 garbage-first heap   total reserved 12582912K, committed 1327104K, used 846535K [0x0000000500000000, 0x0000000800000000)
  region size 8M, 91 eden (728M), 6 survivor (48M), 9 old (72M), 0 humongous (0M), 56 free (448M)
}
Event: 69.512 {heap After GC invocations=62 (full 0):
 garbage-first heap   total reserved 12582912K, committed 1327104K, used 102049K [0x0000000500000000, 0x0000000800000000)
  region size 8M, 0 eden (0M), 6 survivor (48M), 9 old (72M), 0 humongous (0M), 147 free (1176M)
}
Event: 71.517 {heap Before GC invocations=62 (full 0):
 garbage-first heap   total reserved 12582912K, committed 1327104K, used 847521K [0x0000000500000000, 0x0000000800000000)
  region size 8M, 91 eden (728M), 6 survivor (48M), 9 old (72M), 0 humongous (0M), 56 free (448M)
}
Event: 71.538 {heap After GC invocations=63 (full 0):
 garbage-first heap   total reserved 12582912K, committed 1327104K, used 103802K [0x0000000500000000, 0x0000000800000000)
  region size 8M, 0 eden (0M), 6 survivor (48M), 9 old (72M), 0 humongous (0M), 147 free (1176M)
}
Event: 73.409 {heap Before GC invocations=63 (full 0):
 garbage-first heap   total reserved 12582912K, committed 1327104K, used 849274K [0x0000000500000000, 0x0000000800000000)
  region size 8M, 91 eden (728M), 6 survivor (48M), 9 old (72M), 0 humongous (0M), 56 free (448M)
}
Event: 73.432 {heap After GC invocations=64 (full 0):
 garbage-first heap   total reserved 12582912K, committed 1327104K, used 103895K [0x0000000500000000, 0x0000000800000000)
  region size 8M, 0 eden (0M), 6 survivor (48M), 9 old (72M), 0 humongous (0M), 147 free (1176M)
}
Event: 75.412 {heap Before GC invocations=64 (full 0):
 garbage-first heap   total reserved 12582912K, committed 1327104K, used 849367K [0x0000000500000000, 0x0000000800000000)
  region size 8M, 91 eden (728M), 6 survivor (48M), 9 old (72M), 0 humongous (0M), 56 free (448M)
}

