# JRE version: Java(TM) SE Runtime Environment (26.0.1+8) (build 26.0.1+8-34)
# Java VM: Java HotSpot(TM) 64-Bit Server VM (26.0.1+8-34, mixed mode, sharing, tiered, compressed oops, compressed class ptrs, g1 gc, windows-amd64)
GC Precious Log:
 CardTable entry size: 512
 Card Set container configuration: InlinePtr #cards 4 size 8 Array Of Cards #cards 64 size 144 Howl #buckets 8 coarsen threshold 14745 Howl Bitmap #cards 2048 size 272 coarsen threshold 1843 Card regions per heap region 1 cards per card region 16384
 CPUs: 12 total, 12 available
 Memory: 15740M
 Large Page Support: Disabled
 NUMA Support: Disabled
 Compressed Oops: Enabled (Zero based)
 Heap Region Size: 8M
 Heap Min Capacity: 8M
 Heap Initial Capacity: 8M
 Heap Max Capacity: 12G
 Pre-touch: Disabled
 Parallel Workers: 10
 Concurrent Workers: 3
 Concurrent Refinement Workers: 10
 Periodic GC: Disabled
Heap:
 garbage-first heap   total reserved 12582912K, committed 2850816K, used 1076910K [0x0000000500000000, 0x0000000800000000)
  region size 8M, 0 eden (0M), 14 survivor (112M), 119 old (952M), 0 humongous (0M), 215 free (1720M)
GC Heap Usage History (20 events):
Event: 3216.139 {heap After GC invocations=743 (full 0):
 garbage-first heap   total reserved 12582912K, committed 2850816K, used 964831K [0x0000000500000000, 0x0000000800000000)
  region size 8M, 0 eden (0M), 3 survivor (24M), 117 old (936M), 0 humongous (0M), 228 free (1824M)
}
Event: 3222.320 {heap Before GC invocations=743 (full 0):
 garbage-first heap   total reserved 12582912K, committed 2850816K, used 2644191K [0x0000000500000000, 0x0000000800000000)
  region size 8M, 205 eden (1640M), 3 survivor (24M), 117 old (936M), 0 humongous (0M), 23 free (184M)
}
Event: 3222.367 {heap After GC invocations=744 (full 0):
 garbage-first heap   total reserved 12582912K, committed 2850816K, used 985654K [0x0000000500000000, 0x0000000800000000)
  region size 8M, 0 eden (0M), 6 survivor (48M), 117 old (936M), 0 humongous (0M), 225 free (1800M)
}
Event: 3225.809 {heap Before GC invocations=744 (full 0):
 garbage-first heap   total reserved 12582912K, committed 2850816K, used 1976886K [0x0000000500000000, 0x0000000800000000)
  region size 8M, 121 eden (968M), 6 survivor (48M), 117 old (936M), 0 humongous (0M), 104 free (832M)
}
Event: 3225.862 {heap After GC invocations=745 (full 0):
 garbage-first heap   total reserved 12582912K, committed 2850816K, used 1005006K [0x0000000500000000, 0x0000000800000000)
  region size 8M, 0 eden (0M), 8 survivor (64M), 117 old (936M), 0 humongous (0M), 223 free (1784M)
}
Event: 3228.860 {heap Before GC invocations=745 (full 0):
 garbage-first heap   total reserved 12582912K, committed 2850816K, used 1840590K [0x0000000500000000, 0x0000000800000000)
  region size 8M, 102 eden (816M), 8 survivor (64M), 117 old (936M), 0 humongous (0M), 121 free (968M)
}
Event: 3228.919 {heap After GC invocations=746 (full 0):
 garbage-first heap   total reserved 12582912K, committed 2850816K, used 1021717K [0x0000000500000000, 0x0000000800000000)
  region size 8M, 0 eden (0M), 10 survivor (80M), 117 old (936M), 0 humongous (0M), 221 free (1768M)
}
Event: 3231.414 {heap Before GC invocations=746 (full 0):
 garbage-first heap   total reserved 12582912K, committed 2850816K, used 1783573K [0x0000000500000000, 0x0000000800000000)
  region size 8M, 93 eden (744M), 10 survivor (80M), 117 old (936M), 0 humongous (0M), 128 free (1024M)
}
Event: 3231.483 {heap After GC invocations=747 (full 0):
 garbage-first heap   total reserved 12582912K, committed 2850816K, used 1030289K [0x0000000500000000, 0x0000000800000000)
  region size 8M, 0 eden (0M), 9 survivor (72M), 119 old (952M), 0 humongous (0M), 220 free (1760M)
}
Event: 3238.444 {heap Before GC invocations=747 (full 0):
 garbage-first heap   total reserved 12582912K, committed 2850816K, used 2660497K [0x0000000500000000, 0x0000000800000000)
  region size 8M, 199 eden (1592M), 9 survivor (72M), 119 old (952M), 0 humongous (0M), 21 free (168M)
}
Event: 3238.524 {heap After GC invocations=748 (full 0):
 garbage-first heap   total reserved 12582912K, committed 2850816K, used 1044142K [0x0000000500000000, 0x0000000800000000)
  region size 8M, 0 eden (0M), 10 survivor (80M), 119 old (952M), 0 humongous (0M), 219 free (1752M)
}
Event: 3245.416 {heap Before GC invocations=748 (full 0):
 garbage-first heap   total reserved 12582912K, committed 2850816K, used 2666158K [0x0000000500000000, 0x0000000800000000)
  region size 8M, 198 eden (1584M), 10 survivor (80M), 119 old (952M), 0 humongous (0M), 21 free (168M)
}
Event: 3245.504 {heap After GC invocations=749 (full 0):
 garbage-first heap   total reserved 12582912K, committed 2850816K, used 1053772K [0x0000000500000000, 0x0000000800000000)
  region size 8M, 0 eden (0M), 12 survivor (96M), 119 old (952M), 0 humongous (0M), 217 free (1736M)
}
Event: 3251.768 {heap Before GC invocations=749 (full 0):
 garbage-first heap   total reserved 12582912K, committed 2850816K, used 2659404K [0x0000000500000000, 0x0000000800000000)
  region size 8M, 196 eden (1568M), 12 survivor (96M), 119 old (952M), 0 humongous (0M), 21 free (168M)
}
Event: 3251.846 {heap After GC invocations=750 (full 0):
 garbage-first heap   total reserved 12582912K, committed 2850816K, used 1063728K [0x0000000500000000, 0x0000000800000000)
  region size 8M, 0 eden (0M), 13 survivor (104M), 119 old (952M), 0 humongous (0M), 216 free (1728M)
}
Event: 3257.270 {heap Before GC invocations=750 (full 0):
 garbage-first heap   total reserved 12582912K, committed 2850816K, used 2661168K [0x0000000500000000, 0x0000000800000000)
  region size 8M, 195 eden (1560M), 13 survivor (104M), 119 old (952M), 0 humongous (0M), 21 free (168M)
}
Event: 3257.341 {heap After GC invocations=751 (full 0):
 garbage-first heap   total reserved 12582912K, committed 2850816K, used 1067536K [0x0000000500000000, 0x0000000800000000)
  region size 8M, 0 eden (0M), 13 survivor (104M), 119 old (952M), 0 humongous (0M), 216 free (1728M)
}
Event: 3263.172 {heap Before GC invocations=751 (full 0):
 garbage-first heap   total reserved 12582912K, committed 2850816K, used 2664976K [0x0000000500000000, 0x0000000800000000)
  region size 8M, 195 eden (1560M), 13 survivor (104M), 119 old (952M), 0 humongous (0M), 21 free (168M)
}
Event: 3263.262 {heap After GC invocations=752 (full 0):
 garbage-first heap   total reserved 12582912K, committed 2850816K, used 1068718K [0x0000000500000000, 0x0000000800000000)
  region size 8M, 0 eden (0M), 13 survivor (104M), 119 old (952M), 0 humongous (0M), 216 free (1728M)
}
Event: 3269.539 {heap Before GC invocations=752 (full 0):
 garbage-first heap   total reserved 12582912K, committed 2850816K, used 2666158K [0x0000000500000000, 0x0000000800000000)
  region size 8M, 195 eden (1560M), 13 survivor (104M), 119 old (952M), 0 humongous (0M), 21 free (168M)
}

